\BOOKMARK [0][-]{section*.4}{\376\377\004\022\004\062\004\065\004\064\004\065\004\075\004\070\004\065}{}% 1
\BOOKMARK [0][-]{chapter.1}{\376\377\004\023\004\073\004\060\004\062\004\060\000\040\0001\000.\000\040\004\036\004\061\004\067\004\076\004\100\000\040\004\070\000\040\004\102\004\065\004\105\004\075\004\070\004\107\004\065\004\101\004\072\004\076\004\065\000\040\004\067\004\060\004\064\004\060\004\075\004\070\004\065}{}% 2
\BOOKMARK [1][-]{section.1.1}{\376\377\004\036\004\061\004\067\004\076\004\100\000\040\004\076\004\101\004\076\004\061\004\065\004\075\004\075\004\076\004\101\004\102\004\065\004\071\000\040\004\067\004\060\004\072\004\060\004\067\004\107\004\070\004\072\004\060}{chapter.1}% 3
\BOOKMARK [2][-]{subsection.1.1.1}{\376\377\004\036\004\100\004\063\004\060\004\075\004\070\004\067\004\060\004\106\004\070\004\076\004\075\004\075\004\060\004\117\000\040\004\101\004\102\004\100\004\103\004\072\004\102\004\103\004\100\004\060}{section.1.1}% 4
\BOOKMARK [2][-]{subsection.1.1.2}{\376\377\004\027\004\060\004\064\004\060\004\107\004\070\000\040\004\102\004\100\004\065\004\061\004\103\004\116\004\111\004\070\004\065\000\040\004\070\004\075\004\104\004\100\004\060\004\101\004\102\004\100\004\103\004\072\004\102\004\103\004\100\004\075\004\076\004\063\004\076\000\040\004\101\004\076\004\077\004\100\004\076\004\062\004\076\004\066\004\064\004\065\004\075\004\070\004\117}{section.1.1}% 5
\BOOKMARK [2][-]{subsection.1.1.3}{\376\377\004\036\004\063\004\100\004\060\004\075\004\070\004\107\004\065\004\075\004\070\004\117\000\040\004\075\004\060\004\072\004\073\004\060\004\064\004\113\004\062\004\060\004\065\004\074\004\113\004\065\000\040\004\075\004\060\000\040\004\070\004\075\004\104\004\076\004\100\004\074\004\060\004\106\004\070\004\076\004\075\004\075\004\076\004\065\000\040\004\101\004\076\004\077\004\100\004\076\004\062\004\076\004\066\004\064\004\065\004\075\004\070\004\065}{section.1.1}% 6
\BOOKMARK [2][-]{subsection.1.1.4}{\376\377\004\037\004\100\004\065\004\064\004\077\004\076\004\073\004\076\004\066\004\070\004\102\004\065\004\073\004\114\004\075\004\113\004\065\000\040\004\060\004\100\004\105\004\070\004\102\004\065\004\072\004\102\004\103\004\100\004\075\004\113\004\065\000\040\004\100\004\065\004\110\004\065\004\075\004\070\004\117\000\040\004\070\000\040\004\067\004\060\004\064\004\060\004\107\004\070\000\040\004\070\004\075\004\104\004\076\004\100\004\074\004\060\004\106\004\070\004\076\004\075\004\075\004\076\004\071\000\040\004\101\004\070\004\101\004\102\004\065\004\074\004\113}{section.1.1}% 7
\BOOKMARK [1][-]{section.1.2}{\376\377\004\036\004\061\004\067\004\076\004\100\000\040\004\060\004\075\004\060\004\073\004\076\004\063\004\076\004\062}{chapter.1}% 8
\BOOKMARK [2][-]{subsection.1.2.1}{\376\377\000S\000a\000m\000b\000a}{section.1.2}% 9
\BOOKMARK [2][-]{subsection.1.2.2}{\376\377\004\041\004\070\004\101\004\102\004\065\004\074\004\113\000\040\004\072\004\076\004\075\004\102\004\100\004\076\004\073\004\117\000\040\004\062\004\065\004\100\004\101\004\070\004\071}{section.1.2}% 10
\BOOKMARK [1][-]{section.1.3}{\376\377\004\044\004\076\004\100\004\074\004\060\004\073\004\070\004\067\004\060\004\106\004\070\004\117\000\040\004\102\004\065\004\105\004\070\004\107\004\065\004\101\004\072\004\076\004\063\004\076\000\040\004\067\004\060\004\064\004\060\004\075\004\070\004\117}{chapter.1}% 11
\BOOKMARK [2][-]{subsection.1.3.1}{\376\377\004\037\004\073\004\060\004\102\004\104\004\076\004\100\004\074\004\113}{section.1.3}% 12
\BOOKMARK [2][-]{subsection.1.3.2}{\376\377\004\041\004\100\004\065\004\064\004\101\004\102\004\062\004\060}{section.1.3}% 13
\BOOKMARK [2][-]{subsection.1.3.3}{\376\377\004\044\004\103\004\075\004\072\004\106\004\070\004\076\004\075\004\060\004\073\004\114\004\075\004\113\004\065\000\040\004\076\004\063\004\100\004\060\004\075\004\070\004\107\004\065\004\075\004\070\004\117}{section.1.3}% 14
\BOOKMARK [0][-]{chapter.2}{\376\377\004\023\004\073\004\060\004\062\004\060\000\040\0002\000.\000\040\004\037\004\100\004\076\004\065\004\072\004\102\004\070\004\100\004\076\004\062\004\060\004\075\004\070\004\065}{}% 15
\BOOKMARK [1][-]{section.2.1}{\376\377\004\041\004\070\004\101\004\102\004\065\004\074\004\075\004\113\004\065\000\040\004\060\004\100\004\105\004\070\004\102\004\065\004\072\004\102\004\103\004\100\004\075\004\113\004\065\000\040\004\100\004\065\004\110\004\065\004\075\004\070\004\117}{chapter.2}% 16
\BOOKMARK [2][-]{subsection.2.1.1}{\376\377\004\040\004\060\004\101\004\077\004\100\004\065\004\064\004\065\004\073\004\065\004\075\004\070\004\065\000\040\004\067\004\060\004\064\004\060\004\107\000\040\004\074\004\065\004\066\004\064\004\103\000\040\004\072\004\076\004\074\004\077\004\076\004\075\004\065\004\075\004\102\004\060\004\074\004\070}{section.2.1}% 17
\BOOKMARK [2][-]{subsection.2.1.2}{\376\377\004\036\004\077\004\070\004\101\004\060\004\075\004\070\004\065\000\040\004\067\004\060\004\064\004\060\004\107\000\040\004\100\004\065\004\110\004\060\004\065\004\074\004\113\004\105\000\040\004\076\004\102\004\064\004\065\004\073\004\114\004\075\004\113\004\074\004\070\000\040\004\072\004\076\004\074\004\077\004\076\004\075\004\065\004\075\004\102\004\060\004\074\004\070}{section.2.1}% 18
\BOOKMARK [2][-]{subsection.2.1.3}{\376\377\004\036\004\077\004\070\004\101\004\060\004\075\004\070\004\065\000\040\004\070\004\075\004\102\004\065\004\100\004\104\004\065\004\071\004\101\004\076\004\062\000\040\004\074\004\065\004\066\004\064\004\103\000\040\004\072\004\076\004\074\004\077\004\076\004\075\004\065\004\075\004\102\004\060\004\074\004\070}{section.2.1}% 19
\BOOKMARK [1][-]{section.2.2}{\376\377\004\020\004\100\004\105\004\070\004\102\004\065\004\072\004\102\004\103\004\100\004\060\000\040\004\077\004\100\004\076\004\063\004\100\004\060\004\074\004\074\004\113}{chapter.2}% 20
\BOOKMARK [2][-]{subsection.2.2.1}{\376\377\004\020\004\100\004\105\004\070\004\102\004\065\004\072\004\102\004\103\004\100\004\060\000\040\004\021\004\024}{section.2.2}% 21
\BOOKMARK [2][-]{subsection.2.2.2}{\376\377\004\020\004\100\004\105\004\070\004\102\004\065\004\072\004\102\004\103\004\100\004\060\000\040\004\072\004\073\004\070\004\065\004\075\004\102\004\101\004\072\004\076\004\071\000\040\004\107\004\060\004\101\004\102\004\070}{section.2.2}% 22
\BOOKMARK [2][-]{subsection.2.2.3}{\376\377\004\020\004\100\004\105\004\070\004\102\004\065\004\072\004\102\004\103\004\100\004\060\000\040\004\101\004\065\004\100\004\062\004\065\004\100\004\060\000\040\004\077\004\100\004\070\004\073\004\076\004\066\004\065\004\075\004\070\004\071}{section.2.2}% 23
\BOOKMARK [1][-]{section.2.3}{\376\377\004\037\004\100\004\076\004\065\004\072\004\102\004\070\004\100\004\076\004\062\004\060\004\075\004\070\004\065\000\040\004\070\004\075\004\104\004\100\004\060\004\101\004\102\004\100\004\103\004\072\004\102\004\103\004\100\004\113}{chapter.2}% 24
\BOOKMARK [2][-]{subsection.2.3.1}{\376\377\004\036\004\106\004\065\004\075\004\072\004\060\000\040\004\102\004\100\004\065\004\061\004\076\004\062\004\060\004\075\004\070\004\071\000\040\004\072\000\040\004\101\004\065\004\100\004\062\004\065\004\100\004\103}{section.2.3}% 25
\BOOKMARK [2][-]{subsection.2.3.2}{\376\377\004\036\004\106\004\065\004\075\004\072\004\060\000\040\004\102\004\100\004\065\004\061\004\076\004\062\004\060\004\075\004\070\004\071\000\040\004\072\000\040\004\100\004\060\004\061\004\076\004\107\004\065\004\074\004\103\000\040\004\074\004\065\004\101\004\102\004\103\000\040\004\077\004\076\004\073\004\114\004\067\004\076\004\062\004\060\004\102\004\065\004\073\004\117}{section.2.3}% 26
\BOOKMARK [2][-]{subsection.2.3.3}{\376\377\004\036\004\106\004\065\004\075\004\072\004\060\000\040\004\102\004\100\004\065\004\061\004\076\004\062\004\060\004\075\004\070\004\071\000\040\004\072\000\040\004\077\004\100\004\076\004\077\004\103\004\101\004\072\004\075\004\076\004\071\000\040\004\101\004\077\004\076\004\101\004\076\004\061\004\075\004\076\004\101\004\102\004\070\000\040\004\072\004\060\004\075\004\060\004\073\004\060}{section.2.3}% 27
\BOOKMARK [0][-]{chapter.3}{\376\377\004\023\004\073\004\060\004\062\004\060\000\040\0003\000.\000\040\004\040\004\065\004\060\004\073\004\070\004\067\004\060\004\106\004\070\004\117}{}% 28
\BOOKMARK [1][-]{section.3.1}{\376\377\004\036\004\101\004\076\004\061\004\065\004\075\004\075\004\076\004\101\004\102\004\070\000\040\004\100\004\065\004\060\004\073\004\070\004\067\004\060\004\106\004\070\004\070\000\040\004\021\004\024}{chapter.3}% 29
\BOOKMARK [1][-]{section.3.2}{\376\377\004\036\004\101\004\076\004\061\004\065\004\075\004\075\004\076\004\101\004\102\004\070\000\040\004\100\004\065\004\060\004\073\004\070\004\067\004\060\004\106\004\070\004\070\000\040\004\070\004\075\004\101\004\102\004\100\004\103\004\074\004\065\004\075\004\102\004\060\000\040\004\060\004\064\004\074\004\070\004\075\004\070\004\101\004\102\004\100\004\070\004\100\004\076\004\062\004\060\004\075\004\070\004\117}{chapter.3}% 30
\BOOKMARK [1][-]{section.3.3}{\376\377\004\036\004\101\004\076\004\061\004\065\004\075\004\075\004\076\004\101\004\102\004\070\000\040\004\100\004\065\004\060\004\073\004\070\004\067\004\060\004\106\004\070\004\070\000\040\004\072\004\073\004\070\004\065\004\075\004\102\004\101\004\072\004\076\004\071\000\040\004\107\004\060\004\101\004\102\004\070}{chapter.3}% 31
\BOOKMARK [1][-]{section.3.4}{\376\377\004\036\004\101\004\076\004\061\004\065\004\075\004\075\004\076\004\101\004\102\004\070\000\040\004\102\004\065\004\101\004\102\004\070\004\100\004\076\004\062\004\060\004\075\004\070\004\117\000\040\004\070\000\040\004\076\004\102\004\073\004\060\004\064\004\072\004\070}{chapter.3}% 32
\BOOKMARK [1][-]{section.3.5}{\376\377\004\037\004\073\004\060\004\075\000\040\004\062\004\075\004\065\004\064\004\100\004\065\004\075\004\070\004\117\000\040\004\070\000\040\004\076\004\102\004\073\004\060\004\064\004\072\004\070}{chapter.3}% 33
\BOOKMARK [2][-]{subsection.3.5.1}{\376\377\004\036\004\100\004\063\004\060\004\075\004\070\004\067\004\060\004\106\004\070\004\076\004\075\004\075\004\113\004\065\000\040\004\074\004\065\004\100\004\076\004\077\004\100\004\070\004\117\004\102\004\070\004\117}{section.3.5}% 34
\BOOKMARK [2][-]{subsection.3.5.2}{\376\377\004\042\004\065\004\105\004\075\004\070\004\107\004\065\004\101\004\072\004\070\004\065\000\040\004\074\004\065\004\100\004\076\004\077\004\100\004\070\004\117\004\102\004\070\004\117}{section.3.5}% 35
\BOOKMARK [2][-]{subsection.3.5.3}{\376\377\004\034\004\065\004\100\004\076\004\077\004\100\004\070\004\117\004\102\004\070\004\117\000\040\004\101\004\076\004\077\004\100\004\076\004\062\004\076\004\066\004\064\004\065\004\075\004\070\004\117}{section.3.5}% 36
\BOOKMARK [1][-]{section.3.6}{\376\377\004\042\004\100\004\065\004\061\004\076\004\062\004\060\004\075\004\070\004\117}{chapter.3}% 37
\BOOKMARK [2][-]{subsection.3.6.1}{\376\377\004\036\004\101\004\075\004\076\004\062\004\075\004\113\004\065\000\040\004\102\004\100\004\065\004\061\004\076\004\062\004\060\004\075\004\070\004\117}{section.3.6}% 38
\BOOKMARK [2][-]{subsection.3.6.2}{\376\377\004\036\004\077\004\070\004\101\004\060\004\075\004\070\004\065\000\040\004\100\004\076\004\073\004\065\004\071\000\040\004\062\000\040\004\101\004\070\004\101\004\102\004\065\004\074\004\065}{section.3.6}% 39
\BOOKMARK [0][-]{chapter.4}{\376\377\004\020\004\100\004\105\004\070\004\102\004\065\004\072\004\102\004\103\004\100\004\060}{}% 40
\BOOKMARK [0][-]{chapter.5}{\376\377\004\040\004\065\004\060\004\073\004\070\004\067\004\060\004\106\004\070\004\117}{}% 41
\BOOKMARK [0][-]{chapter.6}{\376\377\004\055\004\072\004\076\004\075\004\076\004\074\004\070\004\107\004\065\004\101\004\072\004\060\004\117\000\040\004\107\004\060\004\101\004\102\004\114}{}% 42
\BOOKMARK [0][-]{chapter.7}{\376\377\004\021\004\065\004\067\004\076\004\077\004\060\004\101\004\075\004\076\004\101\004\102\004\114}{}% 43
\BOOKMARK [0][-]{chapter.8}{\376\377\004\027\004\060\004\072\004\073\004\116\004\107\004\065\004\075\004\070\004\065}{}% 44
